Build started 10/10/20 2:41:51 PM.
__________________________________________________
Project "C:\Users\aleks\Projects\TS Games\Planes262\GameJudge\GameJudge.csproj" (default targets):

Target DispatchToInnerBuilds:
    __________________________________________________
    Project "C:\Users\aleks\Projects\TS Games\Planes262\GameJudge\GameJudge.csproj" is building "C:\Users\aleks\Projects\TS Games\Planes262\GameJudge\GameJudge.csproj" (Build target(s)):

    Target PrepareForBuild:
        Creating directory "bin\Release\net471\".
    Target _GetProjectReferenceTargetFrameworkProperties:
        __________________________________________________
        Project "C:\Users\aleks\Projects\TS Games\Planes262\GameJudge\GameJudge.csproj" is building "C:\Users\aleks\Projects\TS Games\Planes262\GameDataStructures\GameDataStructures.csproj" (GetTargetFrameworks target(s)):

    Target ResolveProjectReferences:
        __________________________________________________
        Project "C:\Users\aleks\Projects\TS Games\Planes262\GameJudge\GameJudge.csproj" is building "C:\Users\aleks\Projects\TS Games\Planes262\GameDataStructures\GameDataStructures.csproj" (default targets):

        Target GenerateTargetFrameworkMonikerAttribute:
          Skipping target "GenerateTargetFrameworkMonikerAttribute" because all output files are up-to-date with respect to the input files.
        Target CoreGenerateAssemblyInfo:
          Skipping target "CoreGenerateAssemblyInfo" because all output files are up-to-date with respect to the input files.
        Target CoreCompile:
          Skipping target "CoreCompile" because all output files are up-to-date with respect to the input files.
        Target CopyFilesToOutputDirectory:
            GameDataStructures -> C:\Users\aleks\Projects\TS Games\Planes262\GameDataStructures\bin\Release\net471\GameDataStructures.dll
        __________________________________________________
        Project "C:\Users\aleks\Projects\TS Games\Planes262\GameJudge\GameJudge.csproj" is building "C:\Users\aleks\Projects\TS Games\Planes262\GameDataStructures\GameDataStructures.csproj" (GetNativeManifest target(s)):

    Target GenerateTargetFrameworkMonikerAttribute:
      Skipping target "GenerateTargetFrameworkMonikerAttribute" because all output files are up-to-date with respect to the input files.
    Target CoreGenerateAssemblyInfo:
      Skipping target "CoreGenerateAssemblyInfo" because all output files are up-to-date with respect to the input files.
    Target CoreCompile:
      Skipping target "CoreCompile" because all output files are up-to-date with respect to the input files.
    Target _CopyFilesMarkedCopyLocal:
        Copying file from "C:\Users\aleks\Projects\TS Games\Planes262\GameDataStructures\bin\Release\net471\GameDataStructures.pdb" to "C:\Users\aleks\Projects\TS Games\Planes262\GameJudge\bin\Release\net471\GameDataStructures.pdb".
        Copying file from "C:\Users\aleks\Projects\TS Games\Planes262\GameDataStructures\bin\Release\net471\GameDataStructures.dll" to "C:\Users\aleks\Projects\TS Games\Planes262\GameJudge\bin\Release\net471\GameDataStructures.dll".
        Touching "C:\Users\aleks\Projects\TS Games\Planes262\GameJudge\obj\Release\net471\GameJudge.csproj.CopyComplete".
    Target GetCopyToOutputDirectoryItems:
        Target _GetCopyToOutputDirectoryItemsFromTransitiveProjectReferences:
            __________________________________________________
            Project "C:\Users\aleks\Projects\TS Games\Planes262\GameJudge\GameJudge.csproj" is building "C:\Users\aleks\Projects\TS Games\Planes262\GameDataStructures\GameDataStructures.csproj" (GetCopyToOutputDirectoryItems target(s)):

    Target CopyFilesToOutputDirectory:
        Copying file from "C:\Users\aleks\Projects\TS Games\Planes262\GameJudge\obj\Release\net471\GameJudge.dll" to "C:\Users\aleks\Projects\TS Games\Planes262\GameJudge\bin\Release\net471\GameJudge.dll".
        GameJudge -> C:\Users\aleks\Projects\TS Games\Planes262\GameJudge\bin\Release\net471\GameJudge.dll
        Copying file from "C:\Users\aleks\Projects\TS Games\Planes262\GameJudge\obj\Release\net471\GameJudge.pdb" to "C:\Users\aleks\Projects\TS Games\Planes262\GameJudge\bin\Release\net471\GameJudge.pdb".
    __________________________________________________
    Project "C:\Users\aleks\Projects\TS Games\Planes262\GameJudge\GameJudge.csproj" is building "C:\Users\aleks\Projects\TS Games\Planes262\GameJudge\GameJudge.csproj" (Build target(s)):

    Target PrepareForBuild:
        Creating directory "bin\Release\net472\".
    Target _GetProjectReferenceTargetFrameworkProperties:
        __________________________________________________
        Project "C:\Users\aleks\Projects\TS Games\Planes262\GameJudge\GameJudge.csproj" is building "C:\Users\aleks\Projects\TS Games\Planes262\GameDataStructures\GameDataStructures.csproj" (GetTargetFrameworks target(s)):

    Target ResolveProjectReferences:
        __________________________________________________
        Project "C:\Users\aleks\Projects\TS Games\Planes262\GameJudge\GameJudge.csproj" is building "C:\Users\aleks\Projects\TS Games\Planes262\GameDataStructures\GameDataStructures.csproj" (default targets):

        __________________________________________________
        Project "C:\Users\aleks\Projects\TS Games\Planes262\GameJudge\GameJudge.csproj" is building "C:\Users\aleks\Projects\TS Games\Planes262\GameDataStructures\GameDataStructures.csproj" (GetNativeManifest target(s)):

    Target GenerateTargetFrameworkMonikerAttribute:
      Skipping target "GenerateTargetFrameworkMonikerAttribute" because all output files are up-to-date with respect to the input files.
    Target CoreGenerateAssemblyInfo:
      Skipping target "CoreGenerateAssemblyInfo" because all output files are up-to-date with respect to the input files.
    Target CoreCompile:
      Skipping target "CoreCompile" because all output files are up-to-date with respect to the input files.
    Target _CopyFilesMarkedCopyLocal:
        Copying file from "C:\Users\aleks\Projects\TS Games\Planes262\GameDataStructures\bin\Release\net471\GameDataStructures.dll" to "C:\Users\aleks\Projects\TS Games\Planes262\GameJudge\bin\Release\net472\GameDataStructures.dll".
        Copying file from "C:\Users\aleks\Projects\TS Games\Planes262\GameDataStructures\bin\Release\net471\GameDataStructures.pdb" to "C:\Users\aleks\Projects\TS Games\Planes262\GameJudge\bin\Release\net472\GameDataStructures.pdb".
        Touching "C:\Users\aleks\Projects\TS Games\Planes262\GameJudge\obj\Release\net472\GameJudge.csproj.CopyComplete".
    Target GetCopyToOutputDirectoryItems:
        Target _GetCopyToOutputDirectoryItemsFromTransitiveProjectReferences:
            __________________________________________________
            Project "C:\Users\aleks\Projects\TS Games\Planes262\GameJudge\GameJudge.csproj" is building "C:\Users\aleks\Projects\TS Games\Planes262\GameDataStructures\GameDataStructures.csproj" (GetCopyToOutputDirectoryItems target(s)):

    Target CopyFilesToOutputDirectory:
        Copying file from "C:\Users\aleks\Projects\TS Games\Planes262\GameJudge\obj\Release\net472\GameJudge.dll" to "C:\Users\aleks\Projects\TS Games\Planes262\GameJudge\bin\Release\net472\GameJudge.dll".
        GameJudge -> C:\Users\aleks\Projects\TS Games\Planes262\GameJudge\bin\Release\net472\GameJudge.dll
        Copying file from "C:\Users\aleks\Projects\TS Games\Planes262\GameJudge\obj\Release\net472\GameJudge.pdb" to "C:\Users\aleks\Projects\TS Games\Planes262\GameJudge\bin\Release\net472\GameJudge.pdb".
    __________________________________________________
    Project "C:\Users\aleks\Projects\TS Games\Planes262\GameJudge\GameJudge.csproj" is building "C:\Users\aleks\Projects\TS Games\Planes262\GameJudge\GameJudge.csproj" (Build target(s)):

    Target PrepareForBuild:
        Creating directory "bin\Release\netcoreapp3.1\".
    Target _GetProjectReferenceTargetFrameworkProperties:
        __________________________________________________
        Project "C:\Users\aleks\Projects\TS Games\Planes262\GameJudge\GameJudge.csproj" is building "C:\Users\aleks\Projects\TS Games\Planes262\GameDataStructures\GameDataStructures.csproj" (GetTargetFrameworks target(s)):

    Target ResolveProjectReferences:
        __________________________________________________
        Project "C:\Users\aleks\Projects\TS Games\Planes262\GameJudge\GameJudge.csproj" is building "C:\Users\aleks\Projects\TS Games\Planes262\GameDataStructures\GameDataStructures.csproj" (default targets):

        Target GenerateTargetFrameworkMonikerAttribute:
          Skipping target "GenerateTargetFrameworkMonikerAttribute" because all output files are up-to-date with respect to the input files.
        Target CoreGenerateAssemblyInfo:
          Skipping target "CoreGenerateAssemblyInfo" because all output files are up-to-date with respect to the input files.
        Target CoreCompile:
          Skipping target "CoreCompile" because all output files are up-to-date with respect to the input files.
        Target GenerateBuildDependencyFile:
          Skipping target "GenerateBuildDependencyFile" because all output files are up-to-date with respect to the input files.
        Target CopyFilesToOutputDirectory:
            GameDataStructures -> C:\Users\aleks\Projects\TS Games\Planes262\GameDataStructures\bin\Release\netcoreapp3.1\GameDataStructures.dll
        __________________________________________________
        Project "C:\Users\aleks\Projects\TS Games\Planes262\GameJudge\GameJudge.csproj" is building "C:\Users\aleks\Projects\TS Games\Planes262\GameDataStructures\GameDataStructures.csproj" (GetNativeManifest target(s)):

    Target GenerateTargetFrameworkMonikerAttribute:
      Skipping target "GenerateTargetFrameworkMonikerAttribute" because all output files are up-to-date with respect to the input files.
    Target CoreGenerateAssemblyInfo:
      Skipping target "CoreGenerateAssemblyInfo" because all output files are up-to-date with respect to the input files.
    Target CoreCompile:
      Skipping target "CoreCompile" because all output files are up-to-date with respect to the input files.
    Target _CopyFilesMarkedCopyLocal:
        Copying file from "C:\Users\aleks\Projects\TS Games\Planes262\GameDataStructures\bin\Release\netcoreapp3.1\GameDataStructures.dll" to "C:\Users\aleks\Projects\TS Games\Planes262\GameJudge\bin\Release\netcoreapp3.1\GameDataStructures.dll".
        Copying file from "C:\Users\aleks\Projects\TS Games\Planes262\GameDataStructures\bin\Release\netcoreapp3.1\GameDataStructures.pdb" to "C:\Users\aleks\Projects\TS Games\Planes262\GameJudge\bin\Release\netcoreapp3.1\GameDataStructures.pdb".
        Touching "C:\Users\aleks\Projects\TS Games\Planes262\GameJudge\obj\Release\netcoreapp3.1\GameJudge.csproj.CopyComplete".
    Target GetCopyToOutputDirectoryItems:
        Target _GetCopyToOutputDirectoryItemsFromTransitiveProjectReferences:
            __________________________________________________
            Project "C:\Users\aleks\Projects\TS Games\Planes262\GameJudge\GameJudge.csproj" is building "C:\Users\aleks\Projects\TS Games\Planes262\GameDataStructures\GameDataStructures.csproj" (GetCopyToOutputDirectoryItems target(s)):

    Target CopyFilesToOutputDirectory:
        Copying file from "C:\Users\aleks\Projects\TS Games\Planes262\GameJudge\obj\Release\netcoreapp3.1\GameJudge.dll" to "C:\Users\aleks\Projects\TS Games\Planes262\GameJudge\bin\Release\netcoreapp3.1\GameJudge.dll".
        GameJudge -> C:\Users\aleks\Projects\TS Games\Planes262\GameJudge\bin\Release\netcoreapp3.1\GameJudge.dll
        Copying file from "C:\Users\aleks\Projects\TS Games\Planes262\GameJudge\obj\Release\netcoreapp3.1\GameJudge.pdb" to "C:\Users\aleks\Projects\TS Games\Planes262\GameJudge\bin\Release\netcoreapp3.1\GameJudge.pdb".

Build succeeded.
    0 Warning(s)
    0 Error(s)

Time Elapsed 00:00:01.49
